2025-09-17 10:22:03,505 [INFO] Starting BSE High-Volume Scanner
2025-09-17 10:22:03,506 [INFO] Params: days_back=8, download_dir=./raw
2025-09-17 10:22:04,050 [INFO] No file for 2025-09-17 (HTTP 404)
2025-09-17 10:22:04,681 [INFO] Downloaded BhavCopy_BSE_CM_0_0_0_20250916_F_0000.CSV
2025-09-17 10:22:04,684 [INFO] Found existing file for 2025-09-16 -> ./raw/BhavCopy_BSE_CM_0_0_0_20250916_F_0000.CSV
2025-09-17 10:22:05,270 [INFO] Downloaded BhavCopy_BSE_CM_0_0_0_20250915_F_0000.CSV
2025-09-17 10:22:06,413 [INFO] Downloaded BhavCopy_BSE_CM_0_0_0_20250912_F_0000.CSV
2025-09-17 10:22:07,048 [INFO] Downloaded BhavCopy_BSE_CM_0_0_0_20250911_F_0000.CSV
2025-09-17 10:22:07,672 [INFO] Downloaded BhavCopy_BSE_CM_0_0_0_20250910_F_0000.CSV
2025-09-17 10:22:08,769 [INFO] Downloaded BhavCopy_BSE_CM_0_0_0_20250909_F_0000.CSV
2025-09-17 10:22:09,533 [INFO] Downloaded BhavCopy_BSE_CM_0_0_0_20250908_F_0000.CSV
2025-09-17 10:22:10,200 [INFO] Downloaded BhavCopy_BSE_CM_0_0_0_20250905_F_0000.CSV
2025-09-17 10:22:10,202 [INFO] Collected 8 successful sessions, failed 0 dates while looking back 12 days
2025-09-17 10:22:10,299 [INFO] Read BhavCopy_BSE_CM_0_0_0_20250905_F_0000.CSV with options {'encoding': 'utf-8', 'sep': ','}, shape=(4606, 34)
2025-09-17 10:22:10,331 [ERROR] Missing SYMBOL (from TOTALSYMB) column in ./raw/BhavCopy_BSE_CM_0_0_0_20250905_F_0000.CSV
2025-09-17 10:22:10,428 [INFO] Read BhavCopy_BSE_CM_0_0_0_20250908_F_0000.CSV with options {'encoding': 'utf-8', 'sep': ','}, shape=(4789, 34)
2025-09-17 10:22:10,459 [ERROR] Missing SYMBOL (from TOTALSYMB) column in ./raw/BhavCopy_BSE_CM_0_0_0_20250908_F_0000.CSV
2025-09-17 10:22:10,552 [INFO] Read BhavCopy_BSE_CM_0_0_0_20250909_F_0000.CSV with options {'encoding': 'utf-8', 'sep': ','}, shape=(4656, 34)
2025-09-17 10:22:10,582 [ERROR] Missing SYMBOL (from TOTALSYMB) column in ./raw/BhavCopy_BSE_CM_0_0_0_20250909_F_0000.CSV
2025-09-17 10:22:10,672 [INFO] Read BhavCopy_BSE_CM_0_0_0_20250910_F_0000.CSV with options {'encoding': 'utf-8', 'sep': ','}, shape=(4654, 34)
2025-09-17 10:22:10,701 [ERROR] Missing SYMBOL (from TOTALSYMB) column in ./raw/BhavCopy_BSE_CM_0_0_0_20250910_F_0000.CSV
2025-09-17 10:22:10,793 [INFO] Read BhavCopy_BSE_CM_0_0_0_20250911_F_0000.CSV with options {'encoding': 'utf-8', 'sep': ','}, shape=(4672, 34)
2025-09-17 10:22:10,823 [ERROR] Missing SYMBOL (from TOTALSYMB) column in ./raw/BhavCopy_BSE_CM_0_0_0_20250911_F_0000.CSV
2025-09-17 10:22:10,915 [INFO] Read BhavCopy_BSE_CM_0_0_0_20250912_F_0000.CSV with options {'encoding': 'utf-8', 'sep': ','}, shape=(4671, 34)
2025-09-17 10:22:10,944 [ERROR] Missing SYMBOL (from TOTALSYMB) column in ./raw/BhavCopy_BSE_CM_0_0_0_20250912_F_0000.CSV
2025-09-17 10:22:11,036 [INFO] Read BhavCopy_BSE_CM_0_0_0_20250915_F_0000.CSV with options {'encoding': 'utf-8', 'sep': ','}, shape=(4789, 34)
2025-09-17 10:22:11,066 [ERROR] Missing SYMBOL (from TOTALSYMB) column in ./raw/BhavCopy_BSE_CM_0_0_0_20250915_F_0000.CSV
2025-09-17 10:22:11,156 [INFO] Read BhavCopy_BSE_CM_0_0_0_20250916_F_0000.CSV with options {'encoding': 'utf-8', 'sep': ','}, shape=(4705, 34)
2025-09-17 10:22:11,186 [ERROR] Missing SYMBOL (from TOTALSYMB) column in ./raw/BhavCopy_BSE_CM_0_0_0_20250916_F_0000.CSV
2025-09-17 10:22:11,326 [WARNING] daily_bhav table not found for deduplication
2025-09-17 10:22:11,328 [ERROR] No daily_bhav table found in DB. No cleaned EQ rows were persisted. Exiting.
2025-09-17 10:23:02,800 [INFO] Starting BSE High-Volume Scanner
2025-09-17 10:23:02,800 [INFO] Params: days_back=8, download_dir=./raw
2025-09-17 10:23:03,300 [INFO] No file for 2025-09-17 (HTTP 404)
2025-09-17 10:23:03,303 [INFO] Found existing file for 2025-09-16 -> ./raw/BhavCopy_BSE_CM_0_0_0_20250916_F_0000.CSV
2025-09-17 10:23:03,303 [INFO] Found existing file for 2025-09-16 -> ./raw/BhavCopy_BSE_CM_0_0_0_20250916_F_0000.CSV
2025-09-17 10:23:03,303 [INFO] Found existing file for 2025-09-15 -> ./raw/BhavCopy_BSE_CM_0_0_0_20250915_F_0000.CSV
2025-09-17 10:23:03,304 [INFO] Found existing file for 2025-09-12 -> ./raw/BhavCopy_BSE_CM_0_0_0_20250912_F_0000.CSV
2025-09-17 10:23:03,304 [INFO] Found existing file for 2025-09-11 -> ./raw/BhavCopy_BSE_CM_0_0_0_20250911_F_0000.CSV
2025-09-17 10:23:03,304 [INFO] Found existing file for 2025-09-10 -> ./raw/BhavCopy_BSE_CM_0_0_0_20250910_F_0000.CSV
2025-09-17 10:23:03,304 [INFO] Found existing file for 2025-09-09 -> ./raw/BhavCopy_BSE_CM_0_0_0_20250909_F_0000.CSV
2025-09-17 10:23:03,304 [INFO] Found existing file for 2025-09-08 -> ./raw/BhavCopy_BSE_CM_0_0_0_20250908_F_0000.CSV
2025-09-17 10:23:03,304 [INFO] Found existing file for 2025-09-05 -> ./raw/BhavCopy_BSE_CM_0_0_0_20250905_F_0000.CSV
2025-09-17 10:23:03,304 [INFO] Collected 8 successful sessions, failed 0 dates while looking back 12 days
2025-09-17 10:23:03,488 [INFO] Read BhavCopy_BSE_CM_0_0_0_20250905_F_0000.CSV with options {'encoding': 'utf-8', 'sep': ','}, shape=(4606, 34)
2025-09-17 10:23:03,586 [INFO] Cleaned BhavCopy_BSE_CM_0_0_0_20250905_F_0000.CSV -> 4606 rows
2025-09-17 10:23:03,696 [INFO] Persisted 4606 rows to ./raw/bhavcopy_bse.sqlite
2025-09-17 10:23:03,839 [INFO] Read BhavCopy_BSE_CM_0_0_0_20250908_F_0000.CSV with options {'encoding': 'utf-8', 'sep': ','}, shape=(4789, 34)
2025-09-17 10:23:03,937 [INFO] Cleaned BhavCopy_BSE_CM_0_0_0_20250908_F_0000.CSV -> 4789 rows
2025-09-17 10:23:04,077 [INFO] Persisted 4789 rows to ./raw/bhavcopy_bse.sqlite
2025-09-17 10:23:04,200 [INFO] Read BhavCopy_BSE_CM_0_0_0_20250909_F_0000.CSV with options {'encoding': 'utf-8', 'sep': ','}, shape=(4656, 34)
2025-09-17 10:23:04,302 [INFO] Cleaned BhavCopy_BSE_CM_0_0_0_20250909_F_0000.CSV -> 4656 rows
2025-09-17 10:23:04,375 [INFO] Persisted 4656 rows to ./raw/bhavcopy_bse.sqlite
2025-09-17 10:23:04,504 [INFO] Read BhavCopy_BSE_CM_0_0_0_20250910_F_0000.CSV with options {'encoding': 'utf-8', 'sep': ','}, shape=(4654, 34)
2025-09-17 10:23:04,603 [INFO] Cleaned BhavCopy_BSE_CM_0_0_0_20250910_F_0000.CSV -> 4654 rows
2025-09-17 10:23:04,675 [INFO] Persisted 4654 rows to ./raw/bhavcopy_bse.sqlite
2025-09-17 10:23:04,794 [INFO] Read BhavCopy_BSE_CM_0_0_0_20250911_F_0000.CSV with options {'encoding': 'utf-8', 'sep': ','}, shape=(4672, 34)
2025-09-17 10:23:04,888 [INFO] Cleaned BhavCopy_BSE_CM_0_0_0_20250911_F_0000.CSV -> 4672 rows
2025-09-17 10:23:04,958 [INFO] Persisted 4672 rows to ./raw/bhavcopy_bse.sqlite
2025-09-17 10:23:05,080 [INFO] Read BhavCopy_BSE_CM_0_0_0_20250912_F_0000.CSV with options {'encoding': 'utf-8', 'sep': ','}, shape=(4671, 34)
2025-09-17 10:23:05,170 [INFO] Cleaned BhavCopy_BSE_CM_0_0_0_20250912_F_0000.CSV -> 4671 rows
2025-09-17 10:23:05,239 [INFO] Persisted 4671 rows to ./raw/bhavcopy_bse.sqlite
2025-09-17 10:23:05,379 [INFO] Read BhavCopy_BSE_CM_0_0_0_20250915_F_0000.CSV with options {'encoding': 'utf-8', 'sep': ','}, shape=(4789, 34)
2025-09-17 10:23:05,495 [INFO] Cleaned BhavCopy_BSE_CM_0_0_0_20250915_F_0000.CSV -> 4789 rows
2025-09-17 10:23:05,577 [INFO] Persisted 4789 rows to ./raw/bhavcopy_bse.sqlite
2025-09-17 10:23:05,708 [INFO] Read BhavCopy_BSE_CM_0_0_0_20250916_F_0000.CSV with options {'encoding': 'utf-8', 'sep': ','}, shape=(4705, 34)
2025-09-17 10:23:05,800 [INFO] Cleaned BhavCopy_BSE_CM_0_0_0_20250916_F_0000.CSV -> 4705 rows
2025-09-17 10:23:05,929 [INFO] Persisted 4705 rows to ./raw/bhavcopy_bse.sqlite
2025-09-17 10:23:07,129 [INFO] Deduplicated DB: reduced to 37542 rows (unique SYMBOL+DATE)
2025-09-17 10:23:07,441 [INFO] Latest date in DB: 2025-09-16
2025-09-17 10:23:14,513 [INFO] Computed 5-prior avg for 4413 symbols (>=5 prior distinct dates)
2025-09-17 10:23:14,540 [INFO] Filtered snapshot: 4705 -> 190 rows
2025-09-17 10:23:14,545 [INFO] Wrote filtered CSV to ./output/bse_high_volume_stocks_20250916.csv
2025-09-17 10:23:14,545 [INFO] Records processed: 4705, kept: 190, skipped: 4515
2025-09-17 10:23:14,555 [INFO] Fetching market cap for 7SEASL...
2025-09-17 10:23:15,314 [WARNING] Failed to get page for 7SEASL, status code: 404
2025-09-17 10:23:16,316 [INFO] Fetching market cap for 93EFSL31A...
2025-09-17 10:23:17,092 [WARNING] Failed to get page for 93EFSL31A, status code: 404
2025-09-17 10:23:18,095 [INFO] Fetching market cap for AADHARHFC...
2025-09-17 10:23:20,272 [INFO] Fetching market cap for AARTECH...
2025-09-17 10:23:22,353 [INFO] Fetching market cap for AARVEEDEN...
2025-09-17 10:23:24,426 [INFO] Fetching market cap for ABSLPSE...
2025-09-17 10:23:25,283 [WARNING] Could not parse market cap value:  for ABSLPSE
2025-09-17 10:23:26,287 [INFO] Fetching market cap for ACLD...
2025-09-17 10:23:27,026 [WARNING] Failed to get page for ACLD, status code: 404
2025-09-17 10:23:28,029 [INFO] Fetching market cap for ADROITINFO...
2025-09-17 10:23:30,103 [INFO] Fetching market cap for ADSL...
2025-09-17 10:23:32,243 [INFO] Fetching market cap for AEGISLOG...
2025-09-17 10:23:34,359 [INFO] Fetching market cap for AEROFLEX...
2025-09-17 10:23:36,445 [INFO] Fetching market cap for AKSHAR...
2025-09-17 10:23:38,655 [INFO] Fetching market cap for ALEMBICLTD...
2025-09-17 10:23:40,726 [INFO] Fetching market cap for ALFATRAN...
2025-09-17 10:23:41,463 [WARNING] Failed to get page for ALFATRAN, status code: 404
2025-09-17 10:23:42,466 [INFO] Fetching market cap for AMDIND...
2025-09-17 10:23:44,604 [INFO] Fetching market cap for ANJANI...
2025-09-17 10:23:45,346 [WARNING] Failed to get page for ANJANI, status code: 404
2025-09-17 10:23:46,348 [INFO] Fetching market cap for ARAVALIS...
2025-09-17 10:23:47,086 [WARNING] Failed to get page for ARAVALIS, status code: 404
2025-09-17 10:23:48,088 [INFO] Fetching market cap for ARCHITORG...
2025-09-17 10:23:48,873 [WARNING] Failed to get page for ARCHITORG, status code: 404
2025-09-17 10:23:49,876 [INFO] Fetching market cap for ARUNIS...
2025-09-17 10:23:50,655 [WARNING] Failed to get page for ARUNIS, status code: 404
2025-09-17 10:23:51,660 [INFO] Fetching market cap for ATL...
2025-09-17 10:23:53,741 [INFO] Fetching market cap for BAJAJHFL...
2025-09-17 10:23:55,840 [INFO] Fetching market cap for BDI...
2025-09-17 10:23:56,628 [WARNING] Failed to get page for BDI, status code: 404
2025-09-17 10:23:57,635 [INFO] Fetching market cap for BGDL...
2025-09-17 10:23:58,484 [WARNING] Failed to get page for BGDL, status code: 404
2025-09-17 10:23:59,489 [INFO] Fetching market cap for BIRLACORPN...
2025-09-17 10:24:01,987 [INFO] Fetching market cap for BIRLAPREC...
2025-09-17 10:24:02,796 [WARNING] Failed to get page for BIRLAPREC, status code: 404
2025-09-17 10:24:03,800 [INFO] Fetching market cap for BLUESTARCO...
2025-09-17 10:24:06,258 [INFO] Fetching market cap for BLUSPRING...
2025-09-17 10:24:08,446 [INFO] Fetching market cap for CANFINHOME...
2025-09-17 10:24:10,561 [INFO] Fetching market cap for CASPIAN...
2025-09-17 10:24:11,300 [WARNING] Failed to get page for CASPIAN, status code: 404
2025-09-17 10:24:12,302 [INFO] Fetching market cap for CEATLTD...
2025-09-17 10:24:14,634 [INFO] Fetching market cap for CEIGALL...
2025-09-17 10:24:16,759 [INFO] Fetching market cap for CHANDRIMA...
2025-09-17 10:24:17,577 [WARNING] Failed to get page for CHANDRIMA, status code: 404
2025-09-17 10:24:18,583 [INFO] Fetching market cap for CHEMTECH...
2025-09-17 10:24:19,375 [WARNING] Failed to get page for CHEMTECH, status code: 404
2025-09-17 10:24:20,379 [INFO] Fetching market cap for CMMHOSP...
2025-09-17 10:24:21,213 [WARNING] Failed to get page for CMMHOSP, status code: 404
2025-09-17 10:24:22,224 [INFO] Fetching market cap for COCKERILL...
2025-09-17 10:24:23,157 [WARNING] Failed to get page for COCKERILL, status code: 404
2025-09-17 10:24:24,164 [INFO] Fetching market cap for COFFEEDAY...
2025-09-17 10:24:26,777 [INFO] Fetching market cap for CONTAINER...
2025-09-17 10:24:27,689 [WARNING] Failed to get page for CONTAINER, status code: 404
2025-09-17 10:24:28,695 [INFO] Fetching market cap for CYIENT...
2025-09-17 10:24:31,338 [INFO] Fetching market cap for DCI...
2025-09-17 10:24:33,883 [INFO] Fetching market cap for DIANATEA...
2025-09-17 10:24:34,724 [WARNING] Failed to get page for DIANATEA, status code: 404
2025-09-17 10:24:35,730 [INFO] Fetching market cap for DIGISPICE...
2025-09-17 10:24:38,264 [INFO] Fetching market cap for DLINKINDIA...
2025-09-17 10:24:40,644 [INFO] Fetching market cap for DUCON...
2025-09-17 10:24:42,739 [INFO] Fetching market cap for EICHERMOT...
2025-09-17 10:24:44,946 [INFO] Fetching market cap for EKI...
2025-09-17 10:24:45,725 [WARNING] Failed to get page for EKI, status code: 404
2025-09-17 10:24:46,728 [INFO] Fetching market cap for EMMESSA...
2025-09-17 10:24:47,508 [WARNING] Failed to get page for EMMESSA, status code: 404
2025-09-17 10:24:48,510 [INFO] Fetching market cap for ENDURANCE...
2025-09-17 10:24:50,645 [INFO] Fetching market cap for ESG...
2025-09-17 10:24:51,483 [WARNING] Could not parse market cap value:  for ESG
2025-09-17 10:24:52,485 [INFO] Fetching market cap for ESSARSHPNG...
2025-09-17 10:24:54,676 [INFO] Fetching market cap for EVANS...
2025-09-17 10:24:55,422 [WARNING] Failed to get page for EVANS, status code: 404
2025-09-17 10:24:56,426 [INFO] Fetching market cap for EXPLEOSOL...
2025-09-17 10:24:58,546 [INFO] Fetching market cap for GARWSYN...
2025-09-17 10:24:59,331 [WARNING] Failed to get page for GARWSYN, status code: 404
2025-09-17 10:25:00,333 [INFO] Fetching market cap for GENNEX...
2025-09-17 10:25:01,106 [WARNING] Failed to get page for GENNEX, status code: 404
2025-09-17 10:25:02,109 [INFO] Fetching market cap for GESHIP...
2025-09-17 10:25:04,229 [INFO] Fetching market cap for GLITTEKG...
2025-09-17 10:25:05,011 [WARNING] Failed to get page for GLITTEKG, status code: 404
2025-09-17 10:25:06,014 [INFO] Fetching market cap for GLOBALCA...
2025-09-17 10:25:06,752 [WARNING] Failed to get page for GLOBALCA, status code: 404
2025-09-17 10:25:07,756 [INFO] Fetching market cap for GMRP&UI...
2025-09-17 10:25:09,858 [INFO] Fetching market cap for GOCLCORP...
2025-09-17 10:25:11,946 [INFO] Fetching market cap for GOCOLORS...
2025-09-17 10:25:14,012 [INFO] Fetching market cap for GOKUL...
2025-09-17 10:25:16,096 [INFO] Fetching market cap for GOLDETFADD...
2025-09-17 10:25:17,082 [WARNING] Could not parse market cap value:  for GOLDETFADD
2025-09-17 10:25:18,086 [INFO] Fetching market cap for GOPAL...
2025-09-17 10:25:20,208 [INFO] Fetching market cap for GRASIM...
2025-09-17 10:25:22,314 [INFO] Fetching market cap for GREENLAM...
2025-09-17 10:25:24,417 [INFO] Fetching market cap for HDBFS...
2025-09-17 10:25:26,501 [INFO] Fetching market cap for HDFCLOWVOL...
2025-09-17 10:25:27,295 [WARNING] Could not parse market cap value:  for HDFCLOWVOL
2025-09-17 10:25:28,298 [INFO] Fetching market cap for HERCULES...
2025-09-17 10:25:30,417 [INFO] Fetching market cap for HINDTIN...
2025-09-17 10:25:31,166 [WARNING] Failed to get page for HINDTIN, status code: 404
2025-09-17 10:25:32,169 [INFO] Fetching market cap for HMVL...
2025-09-17 10:25:34,280 [INFO] Fetching market cap for ICICIGI...
2025-09-17 10:25:36,541 [INFO] Fetching market cap for IIL...
2025-09-17 10:25:37,274 [WARNING] Failed to get page for IIL, status code: 404
2025-09-17 10:25:38,278 [INFO] Fetching market cap for IMAGICAA...
2025-09-17 10:25:40,383 [INFO] Fetching market cap for INNOVTEC...
2025-09-17 10:25:41,134 [WARNING] Failed to get page for INNOVTEC, status code: 404
2025-09-17 10:25:42,137 [INFO] Fetching market cap for JAGANLAM...
2025-09-17 10:25:42,915 [WARNING] Failed to get page for JAGANLAM, status code: 404
2025-09-17 10:25:43,918 [INFO] Fetching market cap for JKCEMENT...
2025-09-17 10:25:46,017 [INFO] Fetching market cap for JKTYRE...
2025-09-17 10:25:48,120 [INFO] Fetching market cap for JUPITERIN...
2025-09-17 10:25:48,895 [WARNING] Failed to get page for JUPITERIN, status code: 404
2025-09-17 10:25:49,898 [INFO] Fetching market cap for KARURVYSYA...
2025-09-17 10:25:52,000 [INFO] Fetching market cap for KASHYAP...
2025-09-17 10:25:52,741 [WARNING] Failed to get page for KASHYAP, status code: 404
2025-09-17 10:25:53,744 [INFO] Fetching market cap for KCP...
2025-09-17 10:25:55,800 [INFO] Fetching market cap for KEMISTAR...
2025-09-17 10:25:56,584 [WARNING] Failed to get page for KEMISTAR, status code: 404
2025-09-17 10:25:57,587 [INFO] Fetching market cap for KESORAMIND...
2025-09-17 10:25:59,757 [INFO] Fetching market cap for KHADIM...
2025-09-17 10:26:01,912 [INFO] Fetching market cap for KIRLOSBROS...
2025-09-17 10:26:04,018 [INFO] Fetching market cap for KIRLOSENG...
2025-09-17 10:26:06,118 [INFO] Fetching market cap for KOTHARIPRO...
2025-09-17 10:26:08,231 [INFO] Fetching market cap for KPRMILL...
2025-09-17 10:26:10,341 [INFO] Fetching market cap for KREBSBIO...
2025-09-17 10:26:12,537 [INFO] Fetching market cap for KRIDHANINF...
2025-09-17 10:26:14,648 [INFO] Fetching market cap for KRT...
2025-09-17 10:26:16,675 [INFO] Fetching market cap for KVFORGE...
2025-09-17 10:26:17,417 [WARNING] Failed to get page for KVFORGE, status code: 404
2025-09-17 10:26:18,421 [INFO] Fetching market cap for LACTOSE...
2025-09-17 10:26:19,203 [WARNING] Failed to get page for LACTOSE, status code: 404
2025-09-17 10:26:20,207 [INFO] Fetching market cap for LAXMIDENTL...
2025-09-17 10:26:22,266 [INFO] Fetching market cap for LTIM...
2025-09-17 10:26:24,418 [INFO] Fetching market cap for M&MFIN...
2025-09-17 10:26:26,589 [INFO] Fetching market cap for MADHUCON...
2025-09-17 10:26:28,697 [INFO] Fetching market cap for MALUPAPER...
2025-09-17 10:26:30,860 [INFO] Fetching market cap for MANORAMA...
2025-09-17 10:26:32,932 [INFO] Fetching market cap for MEHAI...
2025-09-17 10:26:33,708 [WARNING] Failed to get page for MEHAI, status code: 404
2025-09-17 10:26:34,711 [INFO] Fetching market cap for MGEL...
2025-09-17 10:26:36,873 [INFO] Fetching market cap for MGL...
2025-09-17 10:26:39,146 [INFO] Fetching market cap for MID150CASE...
2025-09-17 10:26:39,979 [WARNING] Could not parse market cap value:  for MID150CASE
2025-09-17 10:26:40,982 [INFO] Fetching market cap for MILLENNIUM...
2025-09-17 10:26:41,756 [WARNING] Failed to get page for MILLENNIUM, status code: 404
2025-09-17 10:26:42,758 [INFO] Fetching market cap for MINAXI...
2025-09-17 10:26:43,539 [WARNING] Failed to get page for MINAXI, status code: 404
2025-09-17 10:26:44,541 [INFO] Fetching market cap for MIRZAINT...
2025-09-17 10:26:46,614 [INFO] Fetching market cap for MOM100...
2025-09-17 10:26:47,418 [WARNING] Could not parse market cap value:  for MOM100
2025-09-17 10:26:48,421 [INFO] Fetching market cap for MTEDUCARE...
2025-09-17 10:26:50,482 [INFO] Fetching market cap for MVGJL...
2025-09-17 10:26:52,622 [INFO] Fetching market cap for NARMADA...
2025-09-17 10:26:54,740 [INFO] Fetching market cap for NCC...
2025-09-17 10:26:56,876 [INFO] Fetching market cap for NEWINFRA...
2025-09-17 10:26:57,647 [WARNING] Failed to get page for NEWINFRA, status code: 404
2025-09-17 10:26:58,650 [INFO] Fetching market cap for NEXT50IETF...
2025-09-17 10:26:59,498 [WARNING] Could not parse market cap value:  for NEXT50IETF
2025-09-17 10:27:00,501 [INFO] Fetching market cap for NIFTYETF...
2025-09-17 10:27:01,305 [WARNING] Could not parse market cap value:  for NIFTYETF
2025-09-17 10:27:02,307 [INFO] Fetching market cap for NKIND...
2025-09-17 10:27:04,384 [INFO] Fetching market cap for NRBBEARING...
2025-09-17 10:27:06,511 [INFO] Fetching market cap for NTPCGREEN...
2025-09-17 10:27:08,587 [INFO] Fetching market cap for NV20IETF...
2025-09-17 10:27:09,386 [WARNING] Could not parse market cap value:  for NV20IETF
2025-09-17 10:27:10,388 [INFO] Fetching market cap for OCTAVE...
2025-09-17 10:27:11,160 [WARNING] Failed to get page for OCTAVE, status code: 404
2025-09-17 10:27:12,162 [INFO] Fetching market cap for ONMOBILE...
2025-09-17 10:27:14,353 [INFO] Fetching market cap for ORIENTCEM...
2025-09-17 10:27:16,470 [INFO] Fetching market cap for ORIENTTECH...
2025-09-17 10:27:18,502 [INFO] Fetching market cap for PANAENERG...
2025-09-17 10:27:19,265 [WARNING] Failed to get page for PANAENERG, status code: 404
2025-09-17 10:27:20,267 [INFO] Fetching market cap for PANKAJPO...
2025-09-17 10:27:21,007 [WARNING] Failed to get page for PANKAJPO, status code: 404
2025-09-17 10:27:22,010 [INFO] Fetching market cap for PAVNAIND...
2025-09-17 10:27:24,080 [INFO] Fetching market cap for PNGJL...
2025-09-17 10:27:26,122 [INFO] Fetching market cap for POOJA...
2025-09-17 10:27:26,853 [WARNING] Failed to get page for POOJA, status code: 404
2025-09-17 10:27:27,856 [INFO] Fetching market cap for RACHIT...
2025-09-17 10:27:28,621 [WARNING] Failed to get page for RACHIT, status code: 404
2025-09-17 10:27:29,624 [INFO] Fetching market cap for RALEGRA...
2025-09-17 10:27:30,353 [WARNING] Failed to get page for RALEGRA, status code: 404
2025-09-17 10:27:31,356 [INFO] Fetching market cap for RAMCOSYS...
2025-09-17 10:27:33,471 [INFO] Fetching market cap for RATHIBAR...
2025-09-17 10:27:34,213 [WARNING] Failed to get page for RATHIBAR, status code: 404
2025-09-17 10:27:35,215 [INFO] Fetching market cap for RDBRL...
2025-09-17 10:27:35,994 [WARNING] Failed to get page for RDBRL, status code: 404
2025-09-17 10:27:36,997 [INFO] Fetching market cap for REDINGTON...
2025-09-17 10:27:39,104 [INFO] Fetching market cap for RETINA...
2025-09-17 10:27:39,881 [WARNING] Failed to get page for RETINA, status code: 404
2025-09-17 10:27:40,884 [INFO] Fetching market cap for RHETAN...
2025-09-17 10:27:41,615 [WARNING] Failed to get page for RHETAN, status code: 404
2025-09-17 10:27:42,618 [INFO] Fetching market cap for RPTECH...
2025-09-17 10:27:44,795 [INFO] Fetching market cap for RTSPOWR...
2025-09-17 10:27:45,540 [WARNING] Failed to get page for RTSPOWR, status code: 404
2025-09-17 10:27:46,543 [INFO] Fetching market cap for RUBYMILLS...
2025-09-17 10:27:48,610 [INFO] Fetching market cap for RUCHIRA...
2025-09-17 10:27:50,724 [INFO] Fetching market cap for RVHL...
2025-09-17 10:27:52,759 [INFO] Fetching market cap for SAMTEX...
2025-09-17 10:27:53,494 [WARNING] Failed to get page for SAMTEX, status code: 404
2025-09-17 10:27:54,496 [INFO] Fetching market cap for SARVESHWAR...
2025-09-17 10:27:56,603 [INFO] Fetching market cap for SATTRIX...
2025-09-17 10:27:57,339 [WARNING] Failed to get page for SATTRIX, status code: 404
2025-09-17 10:27:58,342 [INFO] Fetching market cap for SCL...
2025-09-17 10:27:59,117 [WARNING] Failed to get page for SCL, status code: 404
2025-09-17 10:28:00,120 [INFO] Fetching market cap for SENSEXIETF...
2025-09-17 10:28:00,936 [WARNING] Could not parse market cap value:  for SENSEXIETF
2025-09-17 10:28:01,939 [INFO] Fetching market cap for SGL...
2025-09-17 10:28:04,030 [INFO] Fetching market cap for SGLTL...
2025-09-17 10:28:06,073 [INFO] Fetching market cap for SHIVAMAUTO...
2025-09-17 10:28:08,274 [INFO] Fetching market cap for SHREEPUSHK...
2025-09-17 10:28:10,388 [INFO] Fetching market cap for SHREEREF...
2025-09-17 10:28:11,121 [WARNING] Failed to get page for SHREEREF, status code: 404
2025-09-17 10:28:12,124 [INFO] Fetching market cap for SHRIRAMPPS...
2025-09-17 10:28:14,251 [INFO] Fetching market cap for SINDHUTRAD...
2025-09-17 10:28:16,316 [INFO] Fetching market cap for SIYSIL...
2025-09-17 10:28:18,448 [INFO] Fetching market cap for SNXT50BEES...
2025-09-17 10:28:19,221 [WARNING] Failed to get page for SNXT50BEES, status code: 404
2025-09-17 10:28:20,224 [INFO] Fetching market cap for SODFC...
2025-09-17 10:28:20,964 [WARNING] Failed to get page for SODFC, status code: 404
2025-09-17 10:28:21,966 [INFO] Fetching market cap for SRM...
2025-09-17 10:28:23,993 [INFO] Fetching market cap for STARCOM...
2025-09-17 10:28:24,769 [WARNING] Failed to get page for STARCOM, status code: 404
2025-09-17 10:28:25,772 [INFO] Fetching market cap for STARHEALTH...
2025-09-17 10:28:27,916 [INFO] Fetching market cap for STEELCAS...
2025-09-17 10:28:30,253 [INFO] Fetching market cap for STL...
2025-09-17 10:28:31,010 [WARNING] Failed to get page for STL, status code: 404
2025-09-17 10:28:32,016 [INFO] Fetching market cap for STLNETWORK...
2025-09-17 10:28:34,149 [INFO] Fetching market cap for SUNDRMFAST...
2025-09-17 10:28:36,273 [INFO] Fetching market cap for SUNITATOOL...
2025-09-17 10:28:37,044 [WARNING] Failed to get page for SUNITATOOL, status code: 404
2025-09-17 10:28:38,047 [INFO] Fetching market cap for SUPRAPFSL...
2025-09-17 10:28:38,794 [WARNING] Failed to get page for SUPRAPFSL, status code: 404
2025-09-17 10:28:39,796 [INFO] Fetching market cap for SWASTIKAAL...
2025-09-17 10:28:40,581 [WARNING] Failed to get page for SWASTIKAAL, status code: 404
2025-09-17 10:28:41,583 [INFO] Fetching market cap for TATACHEM...
2025-09-17 10:28:43,693 [INFO] Fetching market cap for TATVA...
2025-09-17 10:28:45,816 [INFO] Fetching market cap for TCIFINANCE...
2025-09-17 10:28:47,942 [INFO] Fetching market cap for TECHKGREEN...
2025-09-17 10:28:48,716 [WARNING] Failed to get page for TECHKGREEN, status code: 404
2025-09-17 10:28:49,719 [INFO] Fetching market cap for TEJASNET...
2025-09-17 10:28:51,897 [INFO] Fetching market cap for THINKINK...
2025-09-17 10:28:52,642 [WARNING] Failed to get page for THINKINK, status code: 404
2025-09-17 10:28:53,645 [INFO] Fetching market cap for TOP15IETF...
2025-09-17 10:28:54,547 [WARNING] Could not parse market cap value:  for TOP15IETF
2025-09-17 10:28:55,550 [INFO] Fetching market cap for TRIGYN...
2025-09-17 10:28:57,643 [INFO] Fetching market cap for TTML...
2025-09-17 10:28:59,771 [INFO] Fetching market cap for TVSSCS...
2025-09-17 10:29:01,856 [INFO] Fetching market cap for UBL...
2025-09-17 10:29:04,002 [INFO] Fetching market cap for UFO...
2025-09-17 10:29:06,101 [INFO] Fetching market cap for UPSURGE...
2025-09-17 10:29:06,834 [WARNING] Failed to get page for UPSURGE, status code: 404
2025-09-17 10:29:07,836 [INFO] Fetching market cap for USHAMART...
2025-09-17 10:29:09,926 [INFO] Fetching market cap for VASCONEQ...
2025-09-17 10:29:12,166 [INFO] Fetching market cap for VINCOFE...
2025-09-17 10:29:14,282 [INFO] Fetching market cap for VINTRON...
2025-09-17 10:29:15,022 [WARNING] Failed to get page for VINTRON, status code: 404
2025-09-17 10:29:16,024 [INFO] Fetching market cap for VIRINCHI...
2025-09-17 10:29:18,141 [INFO] Fetching market cap for VIVIDIND...
2025-09-17 10:29:18,877 [WARNING] Failed to get page for VIVIDIND, status code: 404
2025-09-17 10:29:19,879 [INFO] Fetching market cap for VIVOBIOT...
2025-09-17 10:29:20,647 [WARNING] Failed to get page for VIVOBIOT, status code: 404
2025-09-17 10:29:21,650 [INFO] Fetching market cap for VMART...
2025-09-17 10:29:23,743 [INFO] Fetching market cap for WEWIN...
2025-09-17 10:29:25,832 [INFO] Fetching market cap for WILLAMAGOR...
2025-09-17 10:29:27,891 [INFO] Fetching market cap for WSFX...
2025-09-17 10:29:28,624 [WARNING] Failed to get page for WSFX, status code: 404
2025-09-17 10:29:29,626 [INFO] Fetching market cap for YASHMGM...
2025-09-17 10:29:30,392 [WARNING] Failed to get page for YASHMGM, status code: 404
2025-09-17 10:29:31,394 [INFO] Fetching market cap for ZODIACLOTH...
2025-09-17 10:29:33,556 [INFO] Market Cap enrichment completed. Filtered results (>= ₹100 Cr) saved to ./output/bse_high_volume_stocks_20250916_with_market_cap_filtered.csv
2025-09-17 10:29:33,557 [INFO] Scan and enrichment completed
